<?xml version="1.0" encoding="UTF-8"?>
<testng-results total="1" passed="1" failed="0" skipped="0">
  <reporter-output>
  </reporter-output>
  <suite started-at="2020-07-31T07:04:13Z" name="Surefire suite" finished-at="2020-07-31T07:04:13Z" duration-ms="50">
    <groups>
    </groups>
    <test started-at="2020-07-31T07:04:13Z" name="Surefire test" finished-at="2020-07-31T07:04:13Z" duration-ms="50">
      <class name="PageObjectModel.PageObjectModel_Test.AppTest">
        <test-method signature="shouldAnswerWithTrue()[pri:0, instance:shouldAnswerWithTrue(PageObjectModel.PageObjectModel_Test.AppTest)]" started-at="2020-07-31T12:34:13Z" name="shouldAnswerWithTrue" finished-at="2020-07-31T12:34:13Z" duration-ms="4" status="PASS">
          <reporter-output>
          </reporter-output>
        </test-method> <!-- shouldAnswerWithTrue -->
      </class> <!-- PageObjectModel.PageObjectModel_Test.AppTest -->
    </test> <!-- Surefire test -->
  </suite> <!-- Surefire suite -->
</testng-results>
