<?xml version="1.0" encoding="UTF-8"?>
<!-- Generated by org.testng.reporters.JUnitXMLReporter -->
<testsuite ignored="1" hostname="LAPTOP-C9OS29IC" failures="0" tests="1" name="Default test" time="11.057" errors="0" timestamp="01 Aug 2020 15:25:35 GMT">
  <testcase classname="cucumberOptions.runnerSample" name="scenario" time="10.487"/>
  <testcase classname="cucumber.api.testng.AbstractTestNGCucumberTests" name="runScenario" time="0.0">
    <ignored/>
  </testcase> <!-- runScenario -->
</testsuite> <!-- Default test -->
