<?xml version="1.0" encoding="UTF-8"?>
<testng-results ignored="0" total="1" passed="1" failed="0" skipped="0">
  <reporter-output>
  </reporter-output>
  <suite started-at="2020-08-02T10:49:05Z" name="Suite" finished-at="2020-08-02T10:49:26Z" duration-ms="21499">
    <groups>
    </groups>
    <test started-at="2020-08-02T10:49:05Z" name="Test1" finished-at="2020-08-02T10:49:26Z" duration-ms="21499">
      <class name="TestCases.TestApp">
        <test-method is-config="true" signature="beforeTest()[pri:0, instance:TestCases.TestApp@6b927fb]" started-at="2020-08-02T10:49:09Z" name="beforeTest" finished-at="2020-08-02T10:49:09Z" duration-ms="72" status="PASS">
          <reporter-output>
          </reporter-output>
        </test-method> <!-- beforeTest -->
        <test-method signature="testDemoQA()[pri:0, instance:TestCases.TestApp@6b927fb]" started-at="2020-08-02T10:49:09Z" name="testDemoQA" finished-at="2020-08-02T10:49:26Z" duration-ms="17122" status="PASS">
          <reporter-output>
          </reporter-output>
        </test-method> <!-- testDemoQA -->
        <test-method is-config="true" signature="afterTest()[pri:0, instance:TestCases.TestApp@6b927fb]" started-at="2020-08-02T10:49:26Z" name="afterTest" finished-at="2020-08-02T10:49:26Z" duration-ms="0" status="PASS">
          <reporter-output>
          </reporter-output>
        </test-method> <!-- afterTest -->
      </class> <!-- TestCases.TestApp -->
    </test> <!-- Test1 -->
  </suite> <!-- Suite -->
</testng-results>
